[05:11:25] [ServerMain/INFO]: Environment: Environment[sessionHost=https://sessionserver.mojang.com, servicesHost=https://api.minecraftservices.com, name=PROD]
[05:11:27] [ServerMain/INFO]: No existing world data, creating new world
[05:11:28] [ServerMain/INFO]: Loaded 1290 recipes
[05:11:28] [ServerMain/INFO]: Loaded 1399 advancements
[05:11:29] [Server thread/INFO]: Starting minecraft server version 1.21
[05:11:29] [Server thread/INFO]: Loading properties
[05:11:29] [Server thread/INFO]: Default game type: SURVIVAL
[05:11:29] [Server thread/INFO]: Generating keypair
[05:11:29] [Server thread/INFO]: Starting Minecraft server on *:25565
[05:11:29] [Server thread/INFO]: Using epoll channel type
[05:11:29] [Server thread/WARN]: **** SERVER IS RUNNING IN OFFLINE/INSECURE MODE!
[05:11:29] [Server thread/WARN]: The server will make no attempt to authenticate usernames. Beware.
[05:11:29] [Server thread/WARN]: While this makes the game possible to play without internet access, it also opens up the ability for hackers to connect with any username they choose.
[05:11:29] [Server thread/WARN]: To change this, set "online-mode" to "true" in the server.properties file.
[05:11:29] [Server thread/INFO]: Preparing level "world"
[05:11:43] [Server thread/INFO]: Preparing start region for dimension minecraft:overworld
[05:11:43] [Worker-Main-1/INFO]: Preparing spawn area: 2%
[05:11:44] [Worker-Main-1/INFO]: Preparing spawn area: 2%
[05:11:44] [Worker-Main-1/INFO]: Preparing spawn area: 2%
[05:11:44] [Worker-Main-1/INFO]: Preparing spawn area: 2%
[05:11:45] [Worker-Main-1/INFO]: Preparing spawn area: 2%
[05:11:45] [Worker-Main-1/INFO]: Preparing spawn area: 2%
[05:11:46] [Worker-Main-1/INFO]: Preparing spawn area: 2%
[05:11:46] [Worker-Main-1/INFO]: Preparing spawn area: 2%
[05:11:47] [Worker-Main-1/INFO]: Preparing spawn area: 2%
[05:11:48] [Worker-Main-1/INFO]: Preparing spawn area: 2%
[05:11:48] [Worker-Main-1/INFO]: Preparing spawn area: 2%
[05:11:48] [Worker-Main-1/INFO]: Preparing spawn area: 2%
[05:11:49] [Worker-Main-1/INFO]: Preparing spawn area: 2%
[05:11:49] [Worker-Main-1/INFO]: Preparing spawn area: 2%
[05:11:50] [Worker-Main-1/INFO]: Preparing spawn area: 2%
[05:11:50] [Worker-Main-1/INFO]: Preparing spawn area: 2%
[05:11:51] [Worker-Main-1/INFO]: Preparing spawn area: 2%
[05:11:51] [Worker-Main-1/INFO]: Preparing spawn area: 2%
[05:11:52] [Worker-Main-1/INFO]: Preparing spawn area: 2%
[05:11:52] [Worker-Main-1/INFO]: Preparing spawn area: 2%
[05:11:53] [Worker-Main-1/INFO]: Preparing spawn area: 2%
[05:11:53] [Worker-Main-1/INFO]: Preparing spawn area: 2%
[05:11:54] [Worker-Main-1/INFO]: Preparing spawn area: 4%
[05:11:54] [Server thread/INFO]: Time elapsed: 11546 ms
[05:11:54] [Server thread/INFO]: Done (24.965s)! For help, type "help"
[05:16:41] [Server thread/INFO]: XBianUwuX[/127.96.99.13:40813] logged in with entity id 29 at (8.5, 80.0, 6.5)
[05:16:41] [Server thread/INFO]: XBianUwuX joined the game
[05:20:49] [Server thread/INFO]: XBianUwuX has made the advancement [Stone Age]
[05:21:03] [Server thread/INFO]: XBianUwuX has made the advancement [Getting an Upgrade]
[05:22:07] [Server thread/INFO]: XBianUwuX lost connection: Disconnected
[05:22:07] [Server thread/INFO]: XBianUwuX left the game
[05:28:09] [Server thread/INFO]: XBianUwuX[/127.96.99.13:44103] logged in with entity id 2555 at (308.32687750846253, 56.0, -185.03881937167912)
[05:28:09] [Server thread/INFO]: XBianUwuX joined the game
[05:30:18] [Server thread/INFO]: XBianUwuX lost connection: Disconnected
[05:30:18] [Server thread/INFO]: XBianUwuX left the game
[05:30:33] [Server thread/INFO]: Unknown or incomplete command, see below for error
[05:30:33] [Server thread/INFO]: close<--[HERE]
[05:30:46] [Server thread/INFO]: Unknown or incomplete command, see below for error
[05:30:46] [Server thread/INFO]: close server<--[HERE]
[05:31:32] [Server thread/INFO]: XBianUwuX[/127.96.99.13:33393] logged in with entity id 3324 at (343.82186697497804, 58.0, -195.571232321547)
[05:31:32] [Server thread/INFO]: XBianUwuX joined the game
[05:33:03] [Server thread/INFO]: XBianUwuX lost connection: Disconnected
[05:33:03] [Server thread/INFO]: XBianUwuX left the game
[05:34:57] [Server thread/INFO]: XBianUwuX[/127.96.99.13:35531] logged in with entity id 3972 at (416.9799596809848, 66.0, -147.52162584749618)
[05:34:57] [Server thread/INFO]: XBianUwuX joined the game
[05:35:48] [Server thread/INFO]: XBianUwuX lost connection: Disconnected
[05:35:48] [Server thread/INFO]: XBianUwuX left the game
[05:36:47] [Server thread/INFO]: /advancement (grant|revoke)
[05:36:47] [Server thread/INFO]: /attribute <target> <attribute> (get|base|modifier)
[05:36:47] [Server thread/INFO]: /execute (run|if|unless|as|at|store|positioned|rotated|facing|align|anchored|in|summon|on)
[05:36:47] [Server thread/INFO]: /bossbar (add|remove|list|set|get)
[05:36:47] [Server thread/INFO]: /clear [<targets>]
[05:36:47] [Server thread/INFO]: /clone (<begin>|from)
[05:36:47] [Server thread/INFO]: /damage <target> <amount> [<damageType>]
[05:36:47] [Server thread/INFO]: /data (merge|get|remove|modify)
[05:36:47] [Server thread/INFO]: /datapack (enable|disable|list)
[05:36:47] [Server thread/INFO]: /debug (start|stop|function)
[05:36:47] [Server thread/INFO]: /defaultgamemode <gamemode>
[05:36:47] [Server thread/INFO]: /difficulty [peaceful|easy|normal|hard]
[05:36:47] [Server thread/INFO]: /effect (clear|give)
[05:36:47] [Server thread/INFO]: /me <action>
[05:36:47] [Server thread/INFO]: /enchant <targets> <enchantment> [<level>]
[05:36:47] [Server thread/INFO]: /experience (add|set|query)
[05:36:47] [Server thread/INFO]: /xp -> experience
[05:36:47] [Server thread/INFO]: /fill <from> <to> <block> [replace|keep|outline|hollow|destroy]
[05:36:47] [Server thread/INFO]: /fillbiome <from> <to> <biome> [replace]
[05:36:47] [Server thread/INFO]: /forceload (add|remove|query)
[05:36:47] [Server thread/INFO]: /function <name> [<arguments>|with]
[05:36:47] [Server thread/INFO]: /gamemode <gamemode> [<target>]
[05:36:47] [Server thread/INFO]: /gamerule (announceAdvancements|blockExplosionDropDecay|commandBlockOutput|commandModificationBlockLimit|disableElytraMovementCheck|disableRaids|doDaylightCycle|doEntityDrops|doFireTick|doImmediateRespawn|doInsomnia|doLimitedCrafting|doMobLoot|doMobSpawning|doPatrolSpawning|doTileDrops|doTraderSpawning|doVinesSpread|doWardenSpawning|doWeatherCycle|drowningDamage|enderPearlsVanishOnDeath|fallDamage|fireDamage|forgiveDeadPlayers|freezeDamage|globalSoundEvents|keepInventory|lavaSourceConversion|logAdminCommands|maxCommandChainLength|maxCommandForkCount|maxEntityCramming|mobExplosionDropDecay|mobGriefing|naturalRegeneration|playersNetherPortalCreativeDelay|playersNetherPortalDefaultDelay|playersSleepingPercentage|projectilesCanBreakBlocks|randomTickSpeed|reducedDebugInfo|sendCommandFeedback|showDeathMessages|snowAccumulationHeight|spawnChunkRadius|spawnRadius|spectatorsGenerateChunks|tntExplosionDropDecay|universalAnger|waterSourceConversion)
[05:36:47] [Server thread/INFO]: /give <targets> <item> [<count>]
[05:36:47] [Server thread/INFO]: /help [<command>]
[05:36:47] [Server thread/INFO]: /item (replace|modify)
[05:36:47] [Server thread/INFO]: /kick <targets> [<reason>]
[05:36:47] [Server thread/INFO]: /kill [<targets>]
[05:36:47] [Server thread/INFO]: /list [uuids]
[05:36:47] [Server thread/INFO]: /locate (structure|biome|poi)
[05:36:47] [Server thread/INFO]: /loot (replace|insert|give|spawn)
[05:36:47] [Server thread/INFO]: /msg <targets> <message>
[05:36:47] [Server thread/INFO]: /tell -> msg
[05:36:47] [Server thread/INFO]: /w -> msg
[05:36:47] [Server thread/INFO]: /particle <name> [<pos>]
[05:36:47] [Server thread/INFO]: /place (feature|jigsaw|structure|template)
[05:36:47] [Server thread/INFO]: /playsound <sound> [master|music|record|weather|block|hostile|neutral|player|ambient|voice]
[05:36:47] [Server thread/INFO]: /random (value|roll|reset)
[05:36:47] [Server thread/INFO]: /reload
[05:36:47] [Server thread/INFO]: /recipe (give|take)
[05:36:47] [Server thread/INFO]: /return (<value>|fail|run)
[05:36:47] [Server thread/INFO]: /ride <target> (mount|dismount)
[05:36:47] [Server thread/INFO]: /say <message>
[05:36:47] [Server thread/INFO]: /schedule (function|clear)
[05:36:47] [Server thread/INFO]: /scoreboard (objectives|players)
[05:36:47] [Server thread/INFO]: /seed
[05:36:47] [Server thread/INFO]: /setblock <pos> <block> [destroy|keep|replace]
[05:36:47] [Server thread/INFO]: /spawnpoint [<targets>]
[05:36:47] [Server thread/INFO]: /setworldspawn [<pos>]
[05:36:47] [Server thread/INFO]: /spectate [<target>]
[05:36:47] [Server thread/INFO]: /spreadplayers <center> <spreadDistance> <maxRange> (<respectTeams>|under)
[05:36:47] [Server thread/INFO]: /stopsound <targets> [*|master|music|record|weather|block|hostile|neutral|player|ambient|voice]
[05:36:47] [Server thread/INFO]: /summon <entity> [<pos>]
[05:36:47] [Server thread/INFO]: /tag <targets> (add|remove|list)
[05:36:47] [Server thread/INFO]: /team (list|add|remove|empty|join|leave|modify)
[05:36:47] [Server thread/INFO]: /teammsg <message>
[05:36:47] [Server thread/INFO]: /tm -> teammsg
[05:36:47] [Server thread/INFO]: /teleport (<location>|<destination>|<targets>)
[05:36:47] [Server thread/INFO]: /tp -> teleport
[05:36:47] [Server thread/INFO]: /tellraw <targets> <message>
[05:36:47] [Server thread/INFO]: /tick (query|rate|step|sprint|unfreeze|freeze)
[05:36:47] [Server thread/INFO]: /time (set|add|query)
[05:36:47] [Server thread/INFO]: /title <targets> (clear|reset|title|subtitle|actionbar|times)
[05:36:47] [Server thread/INFO]: /trigger <objective> [add|set]
[05:36:47] [Server thread/INFO]: /weather (clear|rain|thunder)
[05:36:47] [Server thread/INFO]: /worldborder (add|set|center|damage|get|warning)
[05:36:47] [Server thread/INFO]: /jfr (start|stop)
[05:36:47] [Server thread/INFO]: /ban-ip <target> [<reason>]
[05:36:47] [Server thread/INFO]: /banlist [ips|players]
[05:36:47] [Server thread/INFO]: /ban <targets> [<reason>]
[05:36:47] [Server thread/INFO]: /deop <targets>
[05:36:47] [Server thread/INFO]: /op <targets>
[05:36:47] [Server thread/INFO]: /pardon <targets>
[05:36:47] [Server thread/INFO]: /pardon-ip <target>
[05:36:47] [Server thread/INFO]: /perf (start|stop)
[05:36:47] [Server thread/INFO]: /save-all [flush]
[05:36:47] [Server thread/INFO]: /save-off
[05:36:47] [Server thread/INFO]: /save-on
[05:36:47] [Server thread/INFO]: /setidletimeout <minutes>
[05:36:47] [Server thread/INFO]: /stop
[05:36:47] [Server thread/INFO]: /transfer <hostname> [<port>]
[05:36:47] [Server thread/INFO]: /whitelist (on|off|list|add|remove|reload)
[05:38:17] [Server thread/INFO]: Stopping the server
[05:38:17] [Server thread/INFO]: Stopping server
[05:38:17] [Server thread/INFO]: Saving players
[05:38:17] [Server thread/INFO]: Saving worlds
[05:38:17] [Server thread/INFO]: Saving chunks for level 'ServerLevel[world]'/minecraft:overworld
[05:38:18] [Server thread/INFO]: Saving chunks for level 'ServerLevel[world]'/minecraft:the_nether
[05:38:18] [Server thread/INFO]: Saving chunks for level 'ServerLevel[world]'/minecraft:the_end
[05:38:18] [Server thread/INFO]: ThreadedAnvilChunkStorage (world): All chunks are saved
[05:38:18] [Server thread/INFO]: ThreadedAnvilChunkStorage (DIM-1): All chunks are saved
[05:38:18] [Server thread/INFO]: ThreadedAnvilChunkStorage (DIM1): All chunks are saved
[05:38:18] [Server thread/INFO]: ThreadedAnvilChunkStorage: All dimensions are saved
